Command line invocation:
    /Applications/Xcode.app/Contents/Developer/usr/bin/xcodebuild -project Matters.xcodeproj -scheme Matters -destination generic/platform=iOS build

ComputePackagePrebuildTargetDependencyGraph

Prepare packages

CreateBuildRequest

SendProjectDescription

CreateBuildOperation

ComputeTargetDependencyGraph
note: Building targets in dependency order
note: Target dependency graph (2 targets)
    Target 'Matters' in project 'Matters'
        ➜ Explicit dependency on target 'MattersWidgetExtension' in project 'Matters'
    Target 'MattersWidgetExtension' in project 'Matters' (no dependencies)

GatherProvisioningInputs

CreateBuildDescription

ExecuteExternalTool /Applications/Xcode.app/Contents/Developer/Toolchains/XcodeDefault.xctoolchain/usr/bin/clang -v -E -dM -isysroot /Applications/Xcode.app/Contents/Developer/Platforms/iPhoneOS.platform/Developer/SDKs/iPhoneOS26.1.sdk -x c -c /dev/null

ExecuteExternalTool /Applications/Xcode.app/Contents/Developer/usr/bin/actool --version --output-format xml1

ExecuteExternalTool /Applications/Xcode.app/Contents/Developer/usr/bin/actool --print-asset-tag-combinations --output-format xml1 /Users/yansongtu/Documents/Matters/Matters/Assets.xcassets

ExecuteExternalTool /Applications/Xcode.app/Contents/Developer/Toolchains/XcodeDefault.xctoolchain/usr/bin/swiftc --version

ExecuteExternalTool /Applications/Xcode.app/Contents/Developer/Toolchains/XcodeDefault.xctoolchain/usr/bin/ld -version_details

Build description signature: e9697164322da0708598076806987e03
Build description path: /Users/yansongtu/Library/Developer/Xcode/DerivedData/Matters-fqphlibuksefxrdtzqlxtamjnths/Build/Intermediates.noindex/XCBuildData/e9697164322da0708598076806987e03.xcbuilddata
ProcessProductPackaging /Users/yansongtu/Documents/Matters/MattersWidgetExtension.entitlements /Users/yansongtu/Library/Developer/Xcode/DerivedData/Matters-fqphlibuksefxrdtzqlxtamjnths/Build/Intermediates.noindex/Matters.build/Debug-iphoneos/MattersWidgetExtension.build/MattersWidgetExtension.appex.xcent (in target 'MattersWidgetExtension' from project 'Matters')
    cd /Users/yansongtu/Documents/Matters
    
    Entitlements:
    
    {
    "application-identifier" = "PL5HSP454X.dantetu.Matters.MattersWidget";
    "com.apple.developer.team-identifier" = PL5HSP454X;
    "com.apple.security.application-groups" =     (
        "group.com.matters.shared"
    );
    "get-task-allow" = 1;
}
    
    builtin-productPackagingUtility /Users/yansongtu/Documents/Matters/MattersWidgetExtension.entitlements -entitlements -format xml -o /Users/yansongtu/Library/Developer/Xcode/DerivedData/Matters-fqphlibuksefxrdtzqlxtamjnths/Build/Intermediates.noindex/Matters.build/Debug-iphoneos/MattersWidgetExtension.build/MattersWidgetExtension.appex.xcent

ProcessProductPackagingDER /Users/yansongtu/Library/Developer/Xcode/DerivedData/Matters-fqphlibuksefxrdtzqlxtamjnths/Build/Intermediates.noindex/Matters.build/Debug-iphoneos/MattersWidgetExtension.build/MattersWidgetExtension.appex.xcent /Users/yansongtu/Library/Developer/Xcode/DerivedData/Matters-fqphlibuksefxrdtzqlxtamjnths/Build/Intermediates.noindex/Matters.build/Debug-iphoneos/MattersWidgetExtension.build/MattersWidgetExtension.appex.xcent.der (in target 'MattersWidgetExtension' from project 'Matters')
    cd /Users/yansongtu/Documents/Matters
    /usr/bin/derq query -f xml -i /Users/yansongtu/Library/Developer/Xcode/DerivedData/Matters-fqphlibuksefxrdtzqlxtamjnths/Build/Intermediates.noindex/Matters.build/Debug-iphoneos/MattersWidgetExtension.build/MattersWidgetExtension.appex.xcent -o /Users/yansongtu/Library/Developer/Xcode/DerivedData/Matters-fqphlibuksefxrdtzqlxtamjnths/Build/Intermediates.noindex/Matters.build/Debug-iphoneos/MattersWidgetExtension.build/MattersWidgetExtension.appex.xcent.der --raw

ClangStatCache /Applications/Xcode.app/Contents/Developer/Toolchains/XcodeDefault.xctoolchain/usr/bin/clang-stat-cache /Applications/Xcode.app/Contents/Developer/Platforms/iPhoneOS.platform/Developer/SDKs/iPhoneOS26.1.sdk /Users/yansongtu/Library/Developer/Xcode/DerivedData/SDKStatCaches.noindex/iphoneos26.1-23B77-69b33fc7382b27d9b5d46e82a00f8e78.sdkstatcache
    cd /Users/yansongtu/Documents/Matters/Matters.xcodeproj
    /Applications/Xcode.app/Contents/Developer/Toolchains/XcodeDefault.xctoolchain/usr/bin/clang-stat-cache /Applications/Xcode.app/Contents/Developer/Platforms/iPhoneOS.platform/Developer/SDKs/iPhoneOS26.1.sdk -o /Users/yansongtu/Library/Developer/Xcode/DerivedData/SDKStatCaches.noindex/iphoneos26.1-23B77-69b33fc7382b27d9b5d46e82a00f8e78.sdkstatcache

Ld /Users/yansongtu/Library/Developer/Xcode/DerivedData/Matters-fqphlibuksefxrdtzqlxtamjnths/Build/Products/Debug-iphoneos/MattersWidgetExtension.appex/MattersWidgetExtension.debug.dylib normal (in target 'MattersWidgetExtension' from project 'Matters')
    cd /Users/yansongtu/Documents/Matters
    /Applications/Xcode.app/Contents/Developer/Toolchains/XcodeDefault.xctoolchain/usr/bin/clang -Xlinker -reproducible -target arm64-apple-ios18.0 -dynamiclib -isysroot /Applications/Xcode.app/Contents/Developer/Platforms/iPhoneOS.platform/Developer/SDKs/iPhoneOS26.1.sdk -O0 -L/Users/yansongtu/Library/Developer/Xcode/DerivedData/Matters-fqphlibuksefxrdtzqlxtamjnths/Build/Intermediates.noindex/EagerLinkingTBDs/Debug-iphoneos -L/Users/yansongtu/Library/Developer/Xcode/DerivedData/Matters-fqphlibuksefxrdtzqlxtamjnths/Build/Products/Debug-iphoneos -F/Users/yansongtu/Library/Developer/Xcode/DerivedData/Matters-fqphlibuksefxrdtzqlxtamjnths/Build/Intermediates.noindex/EagerLinkingTBDs/Debug-iphoneos -F/Users/yansongtu/Library/Developer/Xcode/DerivedData/Matters-fqphlibuksefxrdtzqlxtamjnths/Build/Products/Debug-iphoneos -filelist /Users/yansongtu/Library/Developer/Xcode/DerivedData/Matters-fqphlibuksefxrdtzqlxtamjnths/Build/Intermediates.noindex/Matters.build/Debug-iphoneos/MattersWidgetExtension.build/Objects-normal/arm64/MattersWidgetExtension.LinkFileList -install_name @rpath/MattersWidgetExtension.debug.dylib -Xlinker -rpath -Xlinker /usr/lib/swift -Xlinker -rpath -Xlinker @executable_path/Frameworks -Xlinker -rpath -Xlinker @executable_path/../../Frameworks -dead_strip -Xlinker -object_path_lto -Xlinker /Users/yansongtu/Library/Developer/Xcode/DerivedData/Matters-fqphlibuksefxrdtzqlxtamjnths/Build/Intermediates.noindex/Matters.build/Debug-iphoneos/MattersWidgetExtension.build/Objects-normal/arm64/MattersWidgetExtension_lto.o -rdynamic -Xlinker -no_deduplicate -Xlinker -dependency_info -Xlinker /Users/yansongtu/Library/Developer/Xcode/DerivedData/Matters-fqphlibuksefxrdtzqlxtamjnths/Build/Intermediates.noindex/Matters.build/Debug-iphoneos/MattersWidgetExtension.build/Objects-normal/arm64/MattersWidgetExtension_dependency_info.dat -fapplication-extension -fobjc-link-runtime -L/Applications/Xcode.app/Contents/Developer/Toolchains/XcodeDefault.xctoolchain/usr/lib/swift/iphoneos -L/usr/lib/swift -Xlinker -add_ast_path -Xlinker /Users/yansongtu/Library/Developer/Xcode/DerivedData/Matters-fqphlibuksefxrdtzqlxtamjnths/Build/Intermediates.noindex/Matters.build/Debug-iphoneos/MattersWidgetExtension.build/Objects-normal/arm64/MattersWidgetExtension.swiftmodule @/Users/yansongtu/Library/Developer/Xcode/DerivedData/Matters-fqphlibuksefxrdtzqlxtamjnths/Build/Intermediates.noindex/Matters.build/Debug-iphoneos/MattersWidgetExtension.build/Objects-normal/arm64/MattersWidgetExtension-linker-args.resp -Xlinker -alias -Xlinker _NSExtensionMain -Xlinker ___debug_main_executable_dylib_entry_point -framework SwiftUI -framework WidgetKit -Xlinker -no_adhoc_codesign -o /Users/yansongtu/Library/Developer/Xcode/DerivedData/Matters-fqphlibuksefxrdtzqlxtamjnths/Build/Products/Debug-iphoneos/MattersWidgetExtension.appex/MattersWidgetExtension.debug.dylib

CompileAssetCatalogVariant thinned /Users/yansongtu/Library/Developer/Xcode/DerivedData/Matters-fqphlibuksefxrdtzqlxtamjnths/Build/Products/Debug-iphoneos/MattersWidgetExtension.appex /Users/yansongtu/Documents/Matters/MattersWidget/Assets.xcassets (in target 'MattersWidgetExtension' from project 'Matters')
    cd /Users/yansongtu/Documents/Matters
    /Applications/Xcode.app/Contents/Developer/usr/bin/actool /Users/yansongtu/Documents/Matters/MattersWidget/Assets.xcassets --compile /Users/yansongtu/Library/Developer/Xcode/DerivedData/Matters-fqphlibuksefxrdtzqlxtamjnths/Build/Intermediates.noindex/Matters.build/Debug-iphoneos/MattersWidgetExtension.build/assetcatalog_output/thinned --output-format human-readable-text --notices --warnings --export-dependency-info /Users/yansongtu/Library/Developer/Xcode/DerivedData/Matters-fqphlibuksefxrdtzqlxtamjnths/Build/Intermediates.noindex/Matters.build/Debug-iphoneos/MattersWidgetExtension.build/assetcatalog_dependencies_thinned --output-partial-info-plist /Users/yansongtu/Library/Developer/Xcode/DerivedData/Matters-fqphlibuksefxrdtzqlxtamjnths/Build/Intermediates.noindex/Matters.build/Debug-iphoneos/MattersWidgetExtension.build/assetcatalog_generated_info.plist_thinned --accent-color AccentColor --widget-background-color WidgetBackground --compress-pngs --enable-on-demand-resources NO --standalone-icon-behavior all --development-region en --target-device iphone --target-device ipad --minimum-deployment-target 18.0 --platform iphoneos
/* com.apple.actool.compilation-results */
/Users/yansongtu/Library/Developer/Xcode/DerivedData/Matters-fqphlibuksefxrdtzqlxtamjnths/Build/Intermediates.noindex/Matters.build/Debug-iphoneos/MattersWidgetExtension.build/assetcatalog_generated_info.plist_thinned


ProcessProductPackaging /Users/yansongtu/Documents/Matters/Matters/Matters.entitlements /Users/yansongtu/Library/Developer/Xcode/DerivedData/Matters-fqphlibuksefxrdtzqlxtamjnths/Build/Intermediates.noindex/Matters.build/Debug-iphoneos/Matters.build/Matters.app.xcent (in target 'Matters' from project 'Matters')
    cd /Users/yansongtu/Documents/Matters
    
    Entitlements:
    
    {
    "application-identifier" = "PL5HSP454X.dantetu.Matters";
    "com.apple.developer.team-identifier" = PL5HSP454X;
    "com.apple.security.application-groups" =     (
        "group.com.matters.shared"
    );
    "get-task-allow" = 1;
}
    
    builtin-productPackagingUtility /Users/yansongtu/Documents/Matters/Matters/Matters.entitlements -entitlements -format xml -o /Users/yansongtu/Library/Developer/Xcode/DerivedData/Matters-fqphlibuksefxrdtzqlxtamjnths/Build/Intermediates.noindex/Matters.build/Debug-iphoneos/Matters.build/Matters.app.xcent

ProcessProductPackagingDER /Users/yansongtu/Library/Developer/Xcode/DerivedData/Matters-fqphlibuksefxrdtzqlxtamjnths/Build/Intermediates.noindex/Matters.build/Debug-iphoneos/Matters.build/Matters.app.xcent /Users/yansongtu/Library/Developer/Xcode/DerivedData/Matters-fqphlibuksefxrdtzqlxtamjnths/Build/Intermediates.noindex/Matters.build/Debug-iphoneos/Matters.build/Matters.app.xcent.der (in target 'Matters' from project 'Matters')
    cd /Users/yansongtu/Documents/Matters
    /usr/bin/derq query -f xml -i /Users/yansongtu/Library/Developer/Xcode/DerivedData/Matters-fqphlibuksefxrdtzqlxtamjnths/Build/Intermediates.noindex/Matters.build/Debug-iphoneos/Matters.build/Matters.app.xcent -o /Users/yansongtu/Library/Developer/Xcode/DerivedData/Matters-fqphlibuksefxrdtzqlxtamjnths/Build/Intermediates.noindex/Matters.build/Debug-iphoneos/Matters.build/Matters.app.xcent.der --raw

CompileAssetCatalogVariant thinned /Users/yansongtu/Library/Developer/Xcode/DerivedData/Matters-fqphlibuksefxrdtzqlxtamjnths/Build/Products/Debug-iphoneos/Matters.app /Users/yansongtu/Documents/Matters/Matters/Assets.xcassets (in target 'Matters' from project 'Matters')
    cd /Users/yansongtu/Documents/Matters
    /Applications/Xcode.app/Contents/Developer/usr/bin/actool /Users/yansongtu/Documents/Matters/Matters/Assets.xcassets --compile /Users/yansongtu/Library/Developer/Xcode/DerivedData/Matters-fqphlibuksefxrdtzqlxtamjnths/Build/Intermediates.noindex/Matters.build/Debug-iphoneos/Matters.build/assetcatalog_output/thinned --output-format human-readable-text --notices --warnings --export-dependency-info /Users/yansongtu/Library/Developer/Xcode/DerivedData/Matters-fqphlibuksefxrdtzqlxtamjnths/Build/Intermediates.noindex/Matters.build/Debug-iphoneos/Matters.build/assetcatalog_dependencies_thinned --output-partial-info-plist /Users/yansongtu/Library/Developer/Xcode/DerivedData/Matters-fqphlibuksefxrdtzqlxtamjnths/Build/Intermediates.noindex/Matters.build/Debug-iphoneos/Matters.build/assetcatalog_generated_info.plist_thinned --app-icon AppIcon --accent-color AccentColor --compress-pngs --enable-on-demand-resources YES --development-region en --target-device iphone --target-device ipad --minimum-deployment-target 18.0 --platform iphoneos
/* com.apple.actool.compilation-results */
/Users/yansongtu/Library/Developer/Xcode/DerivedData/Matters-fqphlibuksefxrdtzqlxtamjnths/Build/Intermediates.noindex/Matters.build/Debug-iphoneos/Matters.build/assetcatalog_generated_info.plist_thinned
/Users/yansongtu/Library/Developer/Xcode/DerivedData/Matters-fqphlibuksefxrdtzqlxtamjnths/Build/Intermediates.noindex/Matters.build/Debug-iphoneos/Matters.build/assetcatalog_output/thinned/AppIcon60x60@2x.png
/Users/yansongtu/Library/Developer/Xcode/DerivedData/Matters-fqphlibuksefxrdtzqlxtamjnths/Build/Intermediates.noindex/Matters.build/Debug-iphoneos/Matters.build/assetcatalog_output/thinned/AppIcon76x76@2x~ipad.png
/Users/yansongtu/Library/Developer/Xcode/DerivedData/Matters-fqphlibuksefxrdtzqlxtamjnths/Build/Intermediates.noindex/Matters.build/Debug-iphoneos/Matters.build/assetcatalog_output/thinned/Assets.car


SwiftDriver Matters normal arm64 com.apple.xcode.tools.swift.compiler (in target 'Matters' from project 'Matters')
    cd /Users/yansongtu/Documents/Matters
    builtin-SwiftDriver -- /Applications/Xcode.app/Contents/Developer/Toolchains/XcodeDefault.xctoolchain/usr/bin/swiftc -module-name Matters -Onone -enforce-exclusivity\=checked @/Users/yansongtu/Library/Developer/Xcode/DerivedData/Matters-fqphlibuksefxrdtzqlxtamjnths/Build/Intermediates.noindex/Matters.build/Debug-iphoneos/Matters.build/Objects-normal/arm64/Matters.SwiftFileList -DDEBUG -enable-bare-slash-regex -enable-experimental-feature DebugDescriptionMacro -sdk /Applications/Xcode.app/Contents/Developer/Platforms/iPhoneOS.platform/Developer/SDKs/iPhoneOS26.1.sdk -target arm64-apple-ios18.0 -g -module-cache-path /Users/yansongtu/Library/Developer/Xcode/DerivedData/ModuleCache.noindex -Xfrontend -serialize-debugging-options -enable-testing -index-store-path /Users/yansongtu/Library/Developer/Xcode/DerivedData/Matters-fqphlibuksefxrdtzqlxtamjnths/Index.noindex/DataStore -Xcc -D_LIBCPP_HARDENING_MODE\=_LIBCPP_HARDENING_MODE_DEBUG -swift-version 5 -I /Users/yansongtu/Library/Developer/Xcode/DerivedData/Matters-fqphlibuksefxrdtzqlxtamjnths/Build/Products/Debug-iphoneos -F /Users/yansongtu/Library/Developer/Xcode/DerivedData/Matters-fqphlibuksefxrdtzqlxtamjnths/Build/Products/Debug-iphoneos -emit-localized-strings -emit-localized-strings-path /Users/yansongtu/Library/Developer/Xcode/DerivedData/Matters-fqphlibuksefxrdtzqlxtamjnths/Build/Intermediates.noindex/Matters.build/Debug-iphoneos/Matters.build/Objects-normal/arm64 -c -j11 -enable-batch-mode -incremental -Xcc -ivfsstatcache -Xcc /Users/yansongtu/Library/Developer/Xcode/DerivedData/SDKStatCaches.noindex/iphoneos26.1-23B77-69b33fc7382b27d9b5d46e82a00f8e78.sdkstatcache -output-file-map /Users/yansongtu/Library/Developer/Xcode/DerivedData/Matters-fqphlibuksefxrdtzqlxtamjnths/Build/Intermediates.noindex/Matters.build/Debug-iphoneos/Matters.build/Objects-normal/arm64/Matters-OutputFileMap.json -use-frontend-parseable-output -save-temps -no-color-diagnostics -explicit-module-build -module-cache-path /Users/yansongtu/Library/Developer/Xcode/DerivedData/Matters-fqphlibuksefxrdtzqlxtamjnths/Build/Intermediates.noindex/SwiftExplicitPrecompiledModules -clang-scanner-module-cache-path /Users/yansongtu/Library/Developer/Xcode/DerivedData/ModuleCache.noindex -sdk-module-cache-path /Users/yansongtu/Library/Developer/Xcode/DerivedData/ModuleCache.noindex -serialize-diagnostics -emit-dependencies -emit-module -emit-module-path /Users/yansongtu/Library/Developer/Xcode/DerivedData/Matters-fqphlibuksefxrdtzqlxtamjnths/Build/Intermediates.noindex/Matters.build/Debug-iphoneos/Matters.build/Objects-normal/arm64/Matters.swiftmodule -validate-clang-modules-once -clang-build-session-file /Users/yansongtu/Library/Developer/Xcode/DerivedData/ModuleCache.noindex/Session.modulevalidation -Xcc -I/Users/yansongtu/Library/Developer/Xcode/DerivedData/Matters-fqphlibuksefxrdtzqlxtamjnths/Build/Intermediates.noindex/Matters.build/Debug-iphoneos/Matters.build/swift-overrides.hmap -emit-const-values -Xfrontend -const-gather-protocols-file -Xfrontend /Users/yansongtu/Library/Developer/Xcode/DerivedData/Matters-fqphlibuksefxrdtzqlxtamjnths/Build/Intermediates.noindex/Matters.build/Debug-iphoneos/Matters.build/Objects-normal/arm64/Matters_const_extract_protocols.json -Xcc -iquote -Xcc /Users/yansongtu/Library/Developer/Xcode/DerivedData/Matters-fqphlibuksefxrdtzqlxtamjnths/Build/Intermediates.noindex/Matters.build/Debug-iphoneos/Matters.build/Matters-generated-files.hmap -Xcc -I/Users/yansongtu/Library/Developer/Xcode/DerivedData/Matters-fqphlibuksefxrdtzqlxtamjnths/Build/Intermediates.noindex/Matters.build/Debug-iphoneos/Matters.build/Matters-own-target-headers.hmap -Xcc -I/Users/yansongtu/Library/Developer/Xcode/DerivedData/Matters-fqphlibuksefxrdtzqlxtamjnths/Build/Intermediates.noindex/Matters.build/Debug-iphoneos/Matters.build/Matters-all-target-headers.hmap -Xcc -iquote -Xcc /Users/yansongtu/Library/Developer/Xcode/DerivedData/Matters-fqphlibuksefxrdtzqlxtamjnths/Build/Intermediates.noindex/Matters.build/Debug-iphoneos/Matters.build/Matters-project-headers.hmap -Xcc -I/Users/yansongtu/Library/Developer/Xcode/DerivedData/Matters-fqphlibuksefxrdtzqlxtamjnths/Build/Products/Debug-iphoneos/include -Xcc -I/Users/yansongtu/Library/Developer/Xcode/DerivedData/Matters-fqphlibuksefxrdtzqlxtamjnths/Build/Intermediates.noindex/Matters.build/Debug-iphoneos/Matters.build/DerivedSources-normal/arm64 -Xcc -I/Users/yansongtu/Library/Developer/Xcode/DerivedData/Matters-fqphlibuksefxrdtzqlxtamjnths/Build/Intermediates.noindex/Matters.build/Debug-iphoneos/Matters.build/DerivedSources/arm64 -Xcc -I/Users/yansongtu/Library/Developer/Xcode/DerivedData/Matters-fqphlibuksefxrdtzqlxtamjnths/Build/Intermediates.noindex/Matters.build/Debug-iphoneos/Matters.build/DerivedSources -Xcc -DDEBUG\=1 -emit-objc-header -emit-objc-header-path /Users/yansongtu/Library/Developer/Xcode/DerivedData/Matters-fqphlibuksefxrdtzqlxtamjnths/Build/Intermediates.noindex/Matters.build/Debug-iphoneos/Matters.build/Objects-normal/arm64/Matters-Swift.h -working-directory /Users/yansongtu/Documents/Matters -experimental-emit-module-separately -disable-cmo

ProcessInfoPlistFile /Users/yansongtu/Library/Developer/Xcode/DerivedData/Matters-fqphlibuksefxrdtzqlxtamjnths/Build/Products/Debug-iphoneos/MattersWidgetExtension.appex/Info.plist /Users/yansongtu/Documents/Matters/MattersWidget/Info.plist (in target 'MattersWidgetExtension' from project 'Matters')
    cd /Users/yansongtu/Documents/Matters
    builtin-infoPlistUtility /Users/yansongtu/Documents/Matters/MattersWidget/Info.plist -producttype com.apple.product-type.app-extension -expandbuildsettings -format binary -platform iphoneos -additionalcontentfile /Users/yansongtu/Library/Developer/Xcode/DerivedData/Matters-fqphlibuksefxrdtzqlxtamjnths/Build/Intermediates.noindex/Matters.build/Debug-iphoneos/MattersWidgetExtension.build/assetcatalog_generated_info.plist -requiredArchitecture arm64 -o /Users/yansongtu/Library/Developer/Xcode/DerivedData/Matters-fqphlibuksefxrdtzqlxtamjnths/Build/Products/Debug-iphoneos/MattersWidgetExtension.appex/Info.plist

ConstructStubExecutorLinkFileList /Users/yansongtu/Library/Developer/Xcode/DerivedData/Matters-fqphlibuksefxrdtzqlxtamjnths/Build/Intermediates.noindex/Matters.build/Debug-iphoneos/MattersWidgetExtension.build/MattersWidgetExtension-ExecutorLinkFileList-normal-arm64.txt (in target 'MattersWidgetExtension' from project 'Matters')
    cd /Users/yansongtu/Documents/Matters
    construct-stub-executor-link-file-list /Users/yansongtu/Library/Developer/Xcode/DerivedData/Matters-fqphlibuksefxrdtzqlxtamjnths/Build/Products/Debug-iphoneos/MattersWidgetExtension.appex/MattersWidgetExtension.debug.dylib /Applications/Xcode.app/Contents/Developer/Platforms/iPhoneOS.platform/Developer/usr/lib/libPreviewsJITStubExecutor_no_swift_entry_point.a /Applications/Xcode.app/Contents/Developer/Platforms/iPhoneOS.platform/Developer/usr/lib/libPreviewsJITStubExecutor.a --output /Users/yansongtu/Library/Developer/Xcode/DerivedData/Matters-fqphlibuksefxrdtzqlxtamjnths/Build/Intermediates.noindex/Matters.build/Debug-iphoneos/MattersWidgetExtension.build/MattersWidgetExtension-ExecutorLinkFileList-normal-arm64.txt
note: Using stub executor library with Swift entry point. (in target 'MattersWidgetExtension' from project 'Matters')

Ld /Users/yansongtu/Library/Developer/Xcode/DerivedData/Matters-fqphlibuksefxrdtzqlxtamjnths/Build/Products/Debug-iphoneos/MattersWidgetExtension.appex/MattersWidgetExtension normal (in target 'MattersWidgetExtension' from project 'Matters')
    cd /Users/yansongtu/Documents/Matters
    /Applications/Xcode.app/Contents/Developer/Toolchains/XcodeDefault.xctoolchain/usr/bin/clang -Xlinker -reproducible -target arm64-apple-ios18.0 -isysroot /Applications/Xcode.app/Contents/Developer/Platforms/iPhoneOS.platform/Developer/SDKs/iPhoneOS26.1.sdk -O0 -L/Users/yansongtu/Library/Developer/Xcode/DerivedData/Matters-fqphlibuksefxrdtzqlxtamjnths/Build/Products/Debug-iphoneos -F/Users/yansongtu/Library/Developer/Xcode/DerivedData/Matters-fqphlibuksefxrdtzqlxtamjnths/Build/Products/Debug-iphoneos -Xlinker -rpath -Xlinker @executable_path -Xlinker -rpath -Xlinker @executable_path/Frameworks -Xlinker -rpath -Xlinker @executable_path/../../Frameworks -rdynamic -Xlinker -no_deduplicate -e ___debug_blank_executor_main -Xlinker -sectcreate -Xlinker __TEXT -Xlinker __debug_dylib -Xlinker /Users/yansongtu/Library/Developer/Xcode/DerivedData/Matters-fqphlibuksefxrdtzqlxtamjnths/Build/Intermediates.noindex/Matters.build/Debug-iphoneos/MattersWidgetExtension.build/MattersWidgetExtension-DebugDylibPath-normal-arm64.txt -Xlinker -sectcreate -Xlinker __TEXT -Xlinker __debug_entry -Xlinker /Users/yansongtu/Library/Developer/Xcode/DerivedData/Matters-fqphlibuksefxrdtzqlxtamjnths/Build/Intermediates.noindex/Matters.build/Debug-iphoneos/MattersWidgetExtension.build/MattersWidgetExtension-DebugEntryPoint-normal-arm64.txt -Xlinker -sectcreate -Xlinker __TEXT -Xlinker __debug_instlnm -Xlinker /Users/yansongtu/Library/Developer/Xcode/DerivedData/Matters-fqphlibuksefxrdtzqlxtamjnths/Build/Intermediates.noindex/Matters.build/Debug-iphoneos/MattersWidgetExtension.build/MattersWidgetExtension-DebugDylibInstallName-normal-arm64.txt -Xlinker -filelist -Xlinker /Users/yansongtu/Library/Developer/Xcode/DerivedData/Matters-fqphlibuksefxrdtzqlxtamjnths/Build/Intermediates.noindex/Matters.build/Debug-iphoneos/MattersWidgetExtension.build/MattersWidgetExtension-ExecutorLinkFileList-normal-arm64.txt /Users/yansongtu/Library/Developer/Xcode/DerivedData/Matters-fqphlibuksefxrdtzqlxtamjnths/Build/Products/Debug-iphoneos/MattersWidgetExtension.appex/MattersWidgetExtension.debug.dylib -Xlinker -no_adhoc_codesign -o /Users/yansongtu/Library/Developer/Xcode/DerivedData/Matters-fqphlibuksefxrdtzqlxtamjnths/Build/Products/Debug-iphoneos/MattersWidgetExtension.appex/MattersWidgetExtension

ExtractAppIntentsMetadata (in target 'MattersWidgetExtension' from project 'Matters')
    cd /Users/yansongtu/Documents/Matters
    /Applications/Xcode.app/Contents/Developer/Toolchains/XcodeDefault.xctoolchain/usr/bin/appintentsmetadataprocessor --toolchain-dir /Applications/Xcode.app/Contents/Developer/Toolchains/XcodeDefault.xctoolchain --module-name MattersWidgetExtension --sdk-root /Applications/Xcode.app/Contents/Developer/Platforms/iPhoneOS.platform/Developer/SDKs/iPhoneOS26.1.sdk --xcode-version 17B100 --platform-family iOS --deployment-target 18.0 --bundle-identifier dantetu.Matters.MattersWidget --output /Users/yansongtu/Library/Developer/Xcode/DerivedData/Matters-fqphlibuksefxrdtzqlxtamjnths/Build/Products/Debug-iphoneos/MattersWidgetExtension.appex --target-triple arm64-apple-ios18.0 --binary-file /Users/yansongtu/Library/Developer/Xcode/DerivedData/Matters-fqphlibuksefxrdtzqlxtamjnths/Build/Products/Debug-iphoneos/MattersWidgetExtension.appex/MattersWidgetExtension --dependency-file /Users/yansongtu/Library/Developer/Xcode/DerivedData/Matters-fqphlibuksefxrdtzqlxtamjnths/Build/Intermediates.noindex/Matters.build/Debug-iphoneos/MattersWidgetExtension.build/Objects-normal/arm64/MattersWidgetExtension_dependency_info.dat --stringsdata-file /Users/yansongtu/Library/Developer/Xcode/DerivedData/Matters-fqphlibuksefxrdtzqlxtamjnths/Build/Intermediates.noindex/Matters.build/Debug-iphoneos/MattersWidgetExtension.build/Objects-normal/arm64/ExtractedAppShortcutsMetadata.stringsdata --source-file-list /Users/yansongtu/Library/Developer/Xcode/DerivedData/Matters-fqphlibuksefxrdtzqlxtamjnths/Build/Intermediates.noindex/Matters.build/Debug-iphoneos/MattersWidgetExtension.build/Objects-normal/arm64/MattersWidgetExtension.SwiftFileList --metadata-file-list /Users/yansongtu/Library/Developer/Xcode/DerivedData/Matters-fqphlibuksefxrdtzqlxtamjnths/Build/Intermediates.noindex/Matters.build/Debug-iphoneos/MattersWidgetExtension.build/MattersWidgetExtension.DependencyMetadataFileList --static-metadata-file-list /Users/yansongtu/Library/Developer/Xcode/DerivedData/Matters-fqphlibuksefxrdtzqlxtamjnths/Build/Intermediates.noindex/Matters.build/Debug-iphoneos/MattersWidgetExtension.build/MattersWidgetExtension.DependencyStaticMetadataFileList --swift-const-vals-list /Users/yansongtu/Library/Developer/Xcode/DerivedData/Matters-fqphlibuksefxrdtzqlxtamjnths/Build/Intermediates.noindex/Matters.build/Debug-iphoneos/MattersWidgetExtension.build/Objects-normal/arm64/MattersWidgetExtension.SwiftConstValuesFileList --compile-time-extraction --deployment-aware-processing --validate-assistant-intents --no-app-shortcuts-localization
2025-11-24 15:42:41.350 appintentsmetadataprocessor[12460:277557] Starting appintentsmetadataprocessor export
2025-11-24 15:42:41.443 appintentsmetadataprocessor[12460:277557] Writing Metadata.appintents
2025-11-24 15:42:41.443 appintentsmetadataprocessor[12460:277557] Metadata root: /Users/yansongtu/Library/Developer/Xcode/DerivedData/Matters-fqphlibuksefxrdtzqlxtamjnths/Build/Products/Debug-iphoneos/MattersWidgetExtension.appex/Metadata.appintents

CodeSign /Users/yansongtu/Library/Developer/Xcode/DerivedData/Matters-fqphlibuksefxrdtzqlxtamjnths/Build/Products/Debug-iphoneos/MattersWidgetExtension.appex/MattersWidgetExtension.debug.dylib (in target 'MattersWidgetExtension' from project 'Matters')
    cd /Users/yansongtu/Documents/Matters
    
    Signing Identity:     "Apple Development: Yansong Tu (MTC9WT8Z64)"
    Provisioning Profile: "iOS Team Provisioning Profile: dantetu.Matters.MattersWidget"
                          (51e44489-c13a-4043-bad6-9a979e66f74f)
    
    /usr/bin/codesign --force --sign F99735A669819B9F747A8F62093B08A6286332B6 --timestamp\=none --generate-entitlement-der /Users/yansongtu/Library/Developer/Xcode/DerivedData/Matters-fqphlibuksefxrdtzqlxtamjnths/Build/Products/Debug-iphoneos/MattersWidgetExtension.appex/MattersWidgetExtension.debug.dylib

CodeSign /Users/yansongtu/Library/Developer/Xcode/DerivedData/Matters-fqphlibuksefxrdtzqlxtamjnths/Build/Products/Debug-iphoneos/MattersWidgetExtension.appex (in target 'MattersWidgetExtension' from project 'Matters')
    cd /Users/yansongtu/Documents/Matters
    
    Signing Identity:     "Apple Development: Yansong Tu (MTC9WT8Z64)"
    Provisioning Profile: "iOS Team Provisioning Profile: dantetu.Matters.MattersWidget"
                          (51e44489-c13a-4043-bad6-9a979e66f74f)
    
    /usr/bin/codesign --force --sign F99735A669819B9F747A8F62093B08A6286332B6 --entitlements /Users/yansongtu/Library/Developer/Xcode/DerivedData/Matters-fqphlibuksefxrdtzqlxtamjnths/Build/Intermediates.noindex/Matters.build/Debug-iphoneos/MattersWidgetExtension.build/MattersWidgetExtension.appex.xcent --timestamp\=none --generate-entitlement-der /Users/yansongtu/Library/Developer/Xcode/DerivedData/Matters-fqphlibuksefxrdtzqlxtamjnths/Build/Products/Debug-iphoneos/MattersWidgetExtension.appex

SwiftEmitModule normal arm64 Emitting\ module\ for\ Matters (in target 'Matters' from project 'Matters')

EmitSwiftModule normal arm64 (in target 'Matters' from project 'Matters')
    cd /Users/yansongtu/Documents/Matters
    
/Users/yansongtu/Documents/Matters/Matters/Utils/OSSUploadService.swift:28:46: warning: 'OSSPlainTextAKSKPairCredentialProvider' is deprecated: PLEASE DO NOT USE THIS CLASS AGAIN
        typealias LegacyCredentialProvider = OSSPlainTextAKSKPairCredentialProvider
                                             ^
/Users/yansongtu/Documents/Matters/Matters/Utils/OSSUploadService.swift:29:34: warning: 'init(plainTextAccessKey:secretKey:)' is deprecated: We recommend the STS authentication mode on mobile
        let credentialProvider = LegacyCredentialProvider(
                                 ^

SwiftCompile normal arm64 Compiling\ TodoListView.swift /Users/yansongtu/Documents/Matters/Matters/Views/TodoView/TodoListView.swift (in target 'Matters' from project 'Matters')
SwiftCompile normal arm64 /Users/yansongtu/Documents/Matters/Matters/Views/TodoView/TodoListView.swift (in target 'Matters' from project 'Matters')
    cd /Users/yansongtu/Documents/Matters
    

SwiftCompile normal arm64 Compiling\ SpeechRecognizer.swift /Users/yansongtu/Documents/Matters/Matters/Utils/SpeechRecognizer.swift (in target 'Matters' from project 'Matters')

SwiftCompile normal arm64 /Users/yansongtu/Documents/Matters/Matters/Utils/SpeechRecognizer.swift (in target 'Matters' from project 'Matters')
    cd /Users/yansongtu/Documents/Matters
    

SwiftCompile normal arm64 Compiling\ MeetingRecordView.swift /Users/yansongtu/Documents/Matters/Matters/Views/MeetingView/MeetingRecordView.swift (in target 'Matters' from project 'Matters')
SwiftCompile normal arm64 /Users/yansongtu/Documents/Matters/Matters/Views/MeetingView/MeetingRecordView.swift (in target 'Matters' from project 'Matters')
    cd /Users/yansongtu/Documents/Matters
    
/Users/yansongtu/Documents/Matters/Matters/Views/MeetingView/MeetingRecordView.swift:417:25: warning: result of call to 'withAnimation' is unused
                        withAnimation(.spring(response: 0.4, dampingFraction: 0.8)) {
                        ^            ~~~~~~~~~~~~~~~~~~~~~~~~~~~~~~~~~~~~~~~~~~~~~~~~

SwiftCompile normal arm64 Compiling\ RecordingRecoveryManager.swift /Users/yansongtu/Documents/Matters/Matters/Utils/RecordingRecoveryManager.swift (in target 'Matters' from project 'Matters')

SwiftCompile normal arm64 /Users/yansongtu/Documents/Matters/Matters/Utils/RecordingRecoveryManager.swift (in target 'Matters' from project 'Matters')
    cd /Users/yansongtu/Documents/Matters
    

SwiftCompile normal arm64 Compiling\ AudioPickerView.swift /Users/yansongtu/Documents/Matters/Matters/Views/AudioPickerView.swift (in target 'Matters' from project 'Matters')

SwiftCompile normal arm64 /Users/yansongtu/Documents/Matters/Matters/Views/AudioPickerView.swift (in target 'Matters' from project 'Matters')
    cd /Users/yansongtu/Documents/Matters
    

SwiftDriverJobDiscovery normal arm64 Compiling AudioPickerView.swift (in target 'Matters' from project 'Matters')

SwiftDriverJobDiscovery normal arm64 Compiling RecordingRecoveryManager.swift (in target 'Matters' from project 'Matters')

SwiftDriverJobDiscovery normal arm64 Compiling SpeechRecognizer.swift (in target 'Matters' from project 'Matters')

SwiftCompile normal arm64 Compiling\ TodoEditView.swift /Users/yansongtu/Documents/Matters/Matters/Views/TodoView/TodoEditView.swift (in target 'Matters' from project 'Matters')
SwiftCompile normal arm64 /Users/yansongtu/Documents/Matters/Matters/Views/TodoView/TodoEditView.swift (in target 'Matters' from project 'Matters')
    cd /Users/yansongtu/Documents/Matters
    
/Users/yansongtu/Documents/Matters/Matters/Views/TodoView/TodoEditView.swift:847:54: warning: result of call to 'updateCalendarEvent(eventIdentifier:title:description:startDate:endDate:alarmDate:)' is unused
                        await CalendarManager.shared.updateCalendarEvent(
                                                     ^                  ~

SwiftCompile normal arm64 Compiling\ ChatRoomPage.swift /Users/yansongtu/Documents/Matters/Matters/Views/ChatRoomPage.swift (in target 'Matters' from project 'Matters')

SwiftCompile normal arm64 /Users/yansongtu/Documents/Matters/Matters/Views/ChatRoomPage.swift (in target 'Matters' from project 'Matters')
    cd /Users/yansongtu/Documents/Matters
    

SwiftDriverJobDiscovery normal arm64 Emitting module for Matters (in target 'Matters' from project 'Matters')

SwiftDriver\ Compilation\ Requirements Matters normal arm64 com.apple.xcode.tools.swift.compiler (in target 'Matters' from project 'Matters')
    cd /Users/yansongtu/Documents/Matters
    builtin-Swift-Compilation-Requirements -- /Applications/Xcode.app/Contents/Developer/Toolchains/XcodeDefault.xctoolchain/usr/bin/swiftc -module-name Matters -Onone -enforce-exclusivity\=checked @/Users/yansongtu/Library/Developer/Xcode/DerivedData/Matters-fqphlibuksefxrdtzqlxtamjnths/Build/Intermediates.noindex/Matters.build/Debug-iphoneos/Matters.build/Objects-normal/arm64/Matters.SwiftFileList -DDEBUG -enable-bare-slash-regex -enable-experimental-feature DebugDescriptionMacro -sdk /Applications/Xcode.app/Contents/Developer/Platforms/iPhoneOS.platform/Developer/SDKs/iPhoneOS26.1.sdk -target arm64-apple-ios18.0 -g -module-cache-path /Users/yansongtu/Library/Developer/Xcode/DerivedData/ModuleCache.noindex -Xfrontend -serialize-debugging-options -enable-testing -index-store-path /Users/yansongtu/Library/Developer/Xcode/DerivedData/Matters-fqphlibuksefxrdtzqlxtamjnths/Index.noindex/DataStore -Xcc -D_LIBCPP_HARDENING_MODE\=_LIBCPP_HARDENING_MODE_DEBUG -swift-version 5 -I /Users/yansongtu/Library/Developer/Xcode/DerivedData/Matters-fqphlibuksefxrdtzqlxtamjnths/Build/Products/Debug-iphoneos -F /Users/yansongtu/Library/Developer/Xcode/DerivedData/Matters-fqphlibuksefxrdtzqlxtamjnths/Build/Products/Debug-iphoneos -emit-localized-strings -emit-localized-strings-path /Users/yansongtu/Library/Developer/Xcode/DerivedData/Matters-fqphlibuksefxrdtzqlxtamjnths/Build/Intermediates.noindex/Matters.build/Debug-iphoneos/Matters.build/Objects-normal/arm64 -c -j11 -enable-batch-mode -incremental -Xcc -ivfsstatcache -Xcc /Users/yansongtu/Library/Developer/Xcode/DerivedData/SDKStatCaches.noindex/iphoneos26.1-23B77-69b33fc7382b27d9b5d46e82a00f8e78.sdkstatcache -output-file-map /Users/yansongtu/Library/Developer/Xcode/DerivedData/Matters-fqphlibuksefxrdtzqlxtamjnths/Build/Intermediates.noindex/Matters.build/Debug-iphoneos/Matters.build/Objects-normal/arm64/Matters-OutputFileMap.json -use-frontend-parseable-output -save-temps -no-color-diagnostics -explicit-module-build -module-cache-path /Users/yansongtu/Library/Developer/Xcode/DerivedData/Matters-fqphlibuksefxrdtzqlxtamjnths/Build/Intermediates.noindex/SwiftExplicitPrecompiledModules -clang-scanner-module-cache-path /Users/yansongtu/Library/Developer/Xcode/DerivedData/ModuleCache.noindex -sdk-module-cache-path /Users/yansongtu/Library/Developer/Xcode/DerivedData/ModuleCache.noindex -serialize-diagnostics -emit-dependencies -emit-module -emit-module-path /Users/yansongtu/Library/Developer/Xcode/DerivedData/Matters-fqphlibuksefxrdtzqlxtamjnths/Build/Intermediates.noindex/Matters.build/Debug-iphoneos/Matters.build/Objects-normal/arm64/Matters.swiftmodule -validate-clang-modules-once -clang-build-session-file /Users/yansongtu/Library/Developer/Xcode/DerivedData/ModuleCache.noindex/Session.modulevalidation -Xcc -I/Users/yansongtu/Library/Developer/Xcode/DerivedData/Matters-fqphlibuksefxrdtzqlxtamjnths/Build/Intermediates.noindex/Matters.build/Debug-iphoneos/Matters.build/swift-overrides.hmap -emit-const-values -Xfrontend -const-gather-protocols-file -Xfrontend /Users/yansongtu/Library/Developer/Xcode/DerivedData/Matters-fqphlibuksefxrdtzqlxtamjnths/Build/Intermediates.noindex/Matters.build/Debug-iphoneos/Matters.build/Objects-normal/arm64/Matters_const_extract_protocols.json -Xcc -iquote -Xcc /Users/yansongtu/Library/Developer/Xcode/DerivedData/Matters-fqphlibuksefxrdtzqlxtamjnths/Build/Intermediates.noindex/Matters.build/Debug-iphoneos/Matters.build/Matters-generated-files.hmap -Xcc -I/Users/yansongtu/Library/Developer/Xcode/DerivedData/Matters-fqphlibuksefxrdtzqlxtamjnths/Build/Intermediates.noindex/Matters.build/Debug-iphoneos/Matters.build/Matters-own-target-headers.hmap -Xcc -I/Users/yansongtu/Library/Developer/Xcode/DerivedData/Matters-fqphlibuksefxrdtzqlxtamjnths/Build/Intermediates.noindex/Matters.build/Debug-iphoneos/Matters.build/Matters-all-target-headers.hmap -Xcc -iquote -Xcc /Users/yansongtu/Library/Developer/Xcode/DerivedData/Matters-fqphlibuksefxrdtzqlxtamjnths/Build/Intermediates.noindex/Matters.build/Debug-iphoneos/Matters.build/Matters-project-headers.hmap -Xcc -I/Users/yansongtu/Library/Developer/Xcode/DerivedData/Matters-fqphlibuksefxrdtzqlxtamjnths/Build/Products/Debug-iphoneos/include -Xcc -I/Users/yansongtu/Library/Developer/Xcode/DerivedData/Matters-fqphlibuksefxrdtzqlxtamjnths/Build/Intermediates.noindex/Matters.build/Debug-iphoneos/Matters.build/DerivedSources-normal/arm64 -Xcc -I/Users/yansongtu/Library/Developer/Xcode/DerivedData/Matters-fqphlibuksefxrdtzqlxtamjnths/Build/Intermediates.noindex/Matters.build/Debug-iphoneos/Matters.build/DerivedSources/arm64 -Xcc -I/Users/yansongtu/Library/Developer/Xcode/DerivedData/Matters-fqphlibuksefxrdtzqlxtamjnths/Build/Intermediates.noindex/Matters.build/Debug-iphoneos/Matters.build/DerivedSources -Xcc -DDEBUG\=1 -emit-objc-header -emit-objc-header-path /Users/yansongtu/Library/Developer/Xcode/DerivedData/Matters-fqphlibuksefxrdtzqlxtamjnths/Build/Intermediates.noindex/Matters.build/Debug-iphoneos/Matters.build/Objects-normal/arm64/Matters-Swift.h -working-directory /Users/yansongtu/Documents/Matters -experimental-emit-module-separately -disable-cmo

Copy /Users/yansongtu/Library/Developer/Xcode/DerivedData/Matters-fqphlibuksefxrdtzqlxtamjnths/Build/Products/Debug-iphoneos/Matters.swiftmodule/arm64-apple-ios.abi.json /Users/yansongtu/Library/Developer/Xcode/DerivedData/Matters-fqphlibuksefxrdtzqlxtamjnths/Build/Intermediates.noindex/Matters.build/Debug-iphoneos/Matters.build/Objects-normal/arm64/Matters.abi.json (in target 'Matters' from project 'Matters')
    cd /Users/yansongtu/Documents/Matters
    builtin-copy -exclude .DS_Store -exclude CVS -exclude .svn -exclude .git -exclude .hg -resolve-src-symlinks -rename /Users/yansongtu/Library/Developer/Xcode/DerivedData/Matters-fqphlibuksefxrdtzqlxtamjnths/Build/Intermediates.noindex/Matters.build/Debug-iphoneos/Matters.build/Objects-normal/arm64/Matters.abi.json /Users/yansongtu/Library/Developer/Xcode/DerivedData/Matters-fqphlibuksefxrdtzqlxtamjnths/Build/Products/Debug-iphoneos/Matters.swiftmodule/arm64-apple-ios.abi.json

Copy /Users/yansongtu/Library/Developer/Xcode/DerivedData/Matters-fqphlibuksefxrdtzqlxtamjnths/Build/Products/Debug-iphoneos/Matters.swiftmodule/arm64-apple-ios.swiftmodule /Users/yansongtu/Library/Developer/Xcode/DerivedData/Matters-fqphlibuksefxrdtzqlxtamjnths/Build/Intermediates.noindex/Matters.build/Debug-iphoneos/Matters.build/Objects-normal/arm64/Matters.swiftmodule (in target 'Matters' from project 'Matters')
    cd /Users/yansongtu/Documents/Matters
    builtin-copy -exclude .DS_Store -exclude CVS -exclude .svn -exclude .git -exclude .hg -resolve-src-symlinks -rename /Users/yansongtu/Library/Developer/Xcode/DerivedData/Matters-fqphlibuksefxrdtzqlxtamjnths/Build/Intermediates.noindex/Matters.build/Debug-iphoneos/Matters.build/Objects-normal/arm64/Matters.swiftmodule /Users/yansongtu/Library/Developer/Xcode/DerivedData/Matters-fqphlibuksefxrdtzqlxtamjnths/Build/Products/Debug-iphoneos/Matters.swiftmodule/arm64-apple-ios.swiftmodule

Copy /Users/yansongtu/Library/Developer/Xcode/DerivedData/Matters-fqphlibuksefxrdtzqlxtamjnths/Build/Products/Debug-iphoneos/Matters.swiftmodule/Project/arm64-apple-ios.swiftsourceinfo /Users/yansongtu/Library/Developer/Xcode/DerivedData/Matters-fqphlibuksefxrdtzqlxtamjnths/Build/Intermediates.noindex/Matters.build/Debug-iphoneos/Matters.build/Objects-normal/arm64/Matters.swiftsourceinfo (in target 'Matters' from project 'Matters')
    cd /Users/yansongtu/Documents/Matters
    builtin-copy -exclude .DS_Store -exclude CVS -exclude .svn -exclude .git -exclude .hg -resolve-src-symlinks -rename /Users/yansongtu/Library/Developer/Xcode/DerivedData/Matters-fqphlibuksefxrdtzqlxtamjnths/Build/Intermediates.noindex/Matters.build/Debug-iphoneos/Matters.build/Objects-normal/arm64/Matters.swiftsourceinfo /Users/yansongtu/Library/Developer/Xcode/DerivedData/Matters-fqphlibuksefxrdtzqlxtamjnths/Build/Products/Debug-iphoneos/Matters.swiftmodule/Project/arm64-apple-ios.swiftsourceinfo

LinkAssetCatalog /Users/yansongtu/Documents/Matters/Matters/Assets.xcassets (in target 'Matters' from project 'Matters')
    cd /Users/yansongtu/Documents/Matters
    builtin-linkAssetCatalog --thinned /Users/yansongtu/Library/Developer/Xcode/DerivedData/Matters-fqphlibuksefxrdtzqlxtamjnths/Build/Intermediates.noindex/Matters.build/Debug-iphoneos/Matters.build/assetcatalog_output/thinned --thinned-dependencies /Users/yansongtu/Library/Developer/Xcode/DerivedData/Matters-fqphlibuksefxrdtzqlxtamjnths/Build/Intermediates.noindex/Matters.build/Debug-iphoneos/Matters.build/assetcatalog_dependencies_thinned --thinned-info-plist-content /Users/yansongtu/Library/Developer/Xcode/DerivedData/Matters-fqphlibuksefxrdtzqlxtamjnths/Build/Intermediates.noindex/Matters.build/Debug-iphoneos/Matters.build/assetcatalog_generated_info.plist_thinned --unthinned /Users/yansongtu/Library/Developer/Xcode/DerivedData/Matters-fqphlibuksefxrdtzqlxtamjnths/Build/Intermediates.noindex/Matters.build/Debug-iphoneos/Matters.build/assetcatalog_output/unthinned --unthinned-dependencies /Users/yansongtu/Library/Developer/Xcode/DerivedData/Matters-fqphlibuksefxrdtzqlxtamjnths/Build/Intermediates.noindex/Matters.build/Debug-iphoneos/Matters.build/assetcatalog_dependencies_unthinned --unthinned-info-plist-content /Users/yansongtu/Library/Developer/Xcode/DerivedData/Matters-fqphlibuksefxrdtzqlxtamjnths/Build/Intermediates.noindex/Matters.build/Debug-iphoneos/Matters.build/assetcatalog_generated_info.plist_unthinned --output /Users/yansongtu/Library/Developer/Xcode/DerivedData/Matters-fqphlibuksefxrdtzqlxtamjnths/Build/Products/Debug-iphoneos/Matters.app --plist-output /Users/yansongtu/Library/Developer/Xcode/DerivedData/Matters-fqphlibuksefxrdtzqlxtamjnths/Build/Intermediates.noindex/Matters.build/Debug-iphoneos/Matters.build/assetcatalog_generated_info.plist
note: Emplaced /Users/yansongtu/Library/Developer/Xcode/DerivedData/Matters-fqphlibuksefxrdtzqlxtamjnths/Build/Products/Debug-iphoneos/Matters.app/Assets.car (in target 'Matters' from project 'Matters')
note: Emplaced /Users/yansongtu/Library/Developer/Xcode/DerivedData/Matters-fqphlibuksefxrdtzqlxtamjnths/Build/Products/Debug-iphoneos/Matters.app/AppIcon76x76@2x~ipad.png (in target 'Matters' from project 'Matters')
note: Emplaced /Users/yansongtu/Library/Developer/Xcode/DerivedData/Matters-fqphlibuksefxrdtzqlxtamjnths/Build/Products/Debug-iphoneos/Matters.app/AppIcon60x60@2x.png (in target 'Matters' from project 'Matters')

SwiftDriverJobDiscovery normal arm64 Compiling TodoListView.swift (in target 'Matters' from project 'Matters')

SwiftDriverJobDiscovery normal arm64 Compiling MeetingRecordView.swift (in target 'Matters' from project 'Matters')

SwiftDriverJobDiscovery normal arm64 Compiling ChatRoomPage.swift (in target 'Matters' from project 'Matters')

SwiftDriverJobDiscovery normal arm64 Compiling TodoEditView.swift (in target 'Matters' from project 'Matters')

SwiftDriver\ Compilation Matters normal arm64 com.apple.xcode.tools.swift.compiler (in target 'Matters' from project 'Matters')
    cd /Users/yansongtu/Documents/Matters
    builtin-Swift-Compilation -- /Applications/Xcode.app/Contents/Developer/Toolchains/XcodeDefault.xctoolchain/usr/bin/swiftc -module-name Matters -Onone -enforce-exclusivity\=checked @/Users/yansongtu/Library/Developer/Xcode/DerivedData/Matters-fqphlibuksefxrdtzqlxtamjnths/Build/Intermediates.noindex/Matters.build/Debug-iphoneos/Matters.build/Objects-normal/arm64/Matters.SwiftFileList -DDEBUG -enable-bare-slash-regex -enable-experimental-feature DebugDescriptionMacro -sdk /Applications/Xcode.app/Contents/Developer/Platforms/iPhoneOS.platform/Developer/SDKs/iPhoneOS26.1.sdk -target arm64-apple-ios18.0 -g -module-cache-path /Users/yansongtu/Library/Developer/Xcode/DerivedData/ModuleCache.noindex -Xfrontend -serialize-debugging-options -enable-testing -index-store-path /Users/yansongtu/Library/Developer/Xcode/DerivedData/Matters-fqphlibuksefxrdtzqlxtamjnths/Index.noindex/DataStore -Xcc -D_LIBCPP_HARDENING_MODE\=_LIBCPP_HARDENING_MODE_DEBUG -swift-version 5 -I /Users/yansongtu/Library/Developer/Xcode/DerivedData/Matters-fqphlibuksefxrdtzqlxtamjnths/Build/Products/Debug-iphoneos -F /Users/yansongtu/Library/Developer/Xcode/DerivedData/Matters-fqphlibuksefxrdtzqlxtamjnths/Build/Products/Debug-iphoneos -emit-localized-strings -emit-localized-strings-path /Users/yansongtu/Library/Developer/Xcode/DerivedData/Matters-fqphlibuksefxrdtzqlxtamjnths/Build/Intermediates.noindex/Matters.build/Debug-iphoneos/Matters.build/Objects-normal/arm64 -c -j11 -enable-batch-mode -incremental -Xcc -ivfsstatcache -Xcc /Users/yansongtu/Library/Developer/Xcode/DerivedData/SDKStatCaches.noindex/iphoneos26.1-23B77-69b33fc7382b27d9b5d46e82a00f8e78.sdkstatcache -output-file-map /Users/yansongtu/Library/Developer/Xcode/DerivedData/Matters-fqphlibuksefxrdtzqlxtamjnths/Build/Intermediates.noindex/Matters.build/Debug-iphoneos/Matters.build/Objects-normal/arm64/Matters-OutputFileMap.json -use-frontend-parseable-output -save-temps -no-color-diagnostics -explicit-module-build -module-cache-path /Users/yansongtu/Library/Developer/Xcode/DerivedData/Matters-fqphlibuksefxrdtzqlxtamjnths/Build/Intermediates.noindex/SwiftExplicitPrecompiledModules -clang-scanner-module-cache-path /Users/yansongtu/Library/Developer/Xcode/DerivedData/ModuleCache.noindex -sdk-module-cache-path /Users/yansongtu/Library/Developer/Xcode/DerivedData/ModuleCache.noindex -serialize-diagnostics -emit-dependencies -emit-module -emit-module-path /Users/yansongtu/Library/Developer/Xcode/DerivedData/Matters-fqphlibuksefxrdtzqlxtamjnths/Build/Intermediates.noindex/Matters.build/Debug-iphoneos/Matters.build/Objects-normal/arm64/Matters.swiftmodule -validate-clang-modules-once -clang-build-session-file /Users/yansongtu/Library/Developer/Xcode/DerivedData/ModuleCache.noindex/Session.modulevalidation -Xcc -I/Users/yansongtu/Library/Developer/Xcode/DerivedData/Matters-fqphlibuksefxrdtzqlxtamjnths/Build/Intermediates.noindex/Matters.build/Debug-iphoneos/Matters.build/swift-overrides.hmap -emit-const-values -Xfrontend -const-gather-protocols-file -Xfrontend /Users/yansongtu/Library/Developer/Xcode/DerivedData/Matters-fqphlibuksefxrdtzqlxtamjnths/Build/Intermediates.noindex/Matters.build/Debug-iphoneos/Matters.build/Objects-normal/arm64/Matters_const_extract_protocols.json -Xcc -iquote -Xcc /Users/yansongtu/Library/Developer/Xcode/DerivedData/Matters-fqphlibuksefxrdtzqlxtamjnths/Build/Intermediates.noindex/Matters.build/Debug-iphoneos/Matters.build/Matters-generated-files.hmap -Xcc -I/Users/yansongtu/Library/Developer/Xcode/DerivedData/Matters-fqphlibuksefxrdtzqlxtamjnths/Build/Intermediates.noindex/Matters.build/Debug-iphoneos/Matters.build/Matters-own-target-headers.hmap -Xcc -I/Users/yansongtu/Library/Developer/Xcode/DerivedData/Matters-fqphlibuksefxrdtzqlxtamjnths/Build/Intermediates.noindex/Matters.build/Debug-iphoneos/Matters.build/Matters-all-target-headers.hmap -Xcc -iquote -Xcc /Users/yansongtu/Library/Developer/Xcode/DerivedData/Matters-fqphlibuksefxrdtzqlxtamjnths/Build/Intermediates.noindex/Matters.build/Debug-iphoneos/Matters.build/Matters-project-headers.hmap -Xcc -I/Users/yansongtu/Library/Developer/Xcode/DerivedData/Matters-fqphlibuksefxrdtzqlxtamjnths/Build/Products/Debug-iphoneos/include -Xcc -I/Users/yansongtu/Library/Developer/Xcode/DerivedData/Matters-fqphlibuksefxrdtzqlxtamjnths/Build/Intermediates.noindex/Matters.build/Debug-iphoneos/Matters.build/DerivedSources-normal/arm64 -Xcc -I/Users/yansongtu/Library/Developer/Xcode/DerivedData/Matters-fqphlibuksefxrdtzqlxtamjnths/Build/Intermediates.noindex/Matters.build/Debug-iphoneos/Matters.build/DerivedSources/arm64 -Xcc -I/Users/yansongtu/Library/Developer/Xcode/DerivedData/Matters-fqphlibuksefxrdtzqlxtamjnths/Build/Intermediates.noindex/Matters.build/Debug-iphoneos/Matters.build/DerivedSources -Xcc -DDEBUG\=1 -emit-objc-header -emit-objc-header-path /Users/yansongtu/Library/Developer/Xcode/DerivedData/Matters-fqphlibuksefxrdtzqlxtamjnths/Build/Intermediates.noindex/Matters.build/Debug-iphoneos/Matters.build/Objects-normal/arm64/Matters-Swift.h -working-directory /Users/yansongtu/Documents/Matters -experimental-emit-module-separately -disable-cmo

Ld /Users/yansongtu/Library/Developer/Xcode/DerivedData/Matters-fqphlibuksefxrdtzqlxtamjnths/Build/Products/Debug-iphoneos/Matters.app/Matters.debug.dylib normal (in target 'Matters' from project 'Matters')
    cd /Users/yansongtu/Documents/Matters
    /Applications/Xcode.app/Contents/Developer/Toolchains/XcodeDefault.xctoolchain/usr/bin/clang -Xlinker -reproducible -target arm64-apple-ios18.0 -dynamiclib -isysroot /Applications/Xcode.app/Contents/Developer/Platforms/iPhoneOS.platform/Developer/SDKs/iPhoneOS26.1.sdk -O0 -L/Users/yansongtu/Library/Developer/Xcode/DerivedData/Matters-fqphlibuksefxrdtzqlxtamjnths/Build/Intermediates.noindex/EagerLinkingTBDs/Debug-iphoneos -L/Users/yansongtu/Library/Developer/Xcode/DerivedData/Matters-fqphlibuksefxrdtzqlxtamjnths/Build/Products/Debug-iphoneos -F/Users/yansongtu/Library/Developer/Xcode/DerivedData/Matters-fqphlibuksefxrdtzqlxtamjnths/Build/Intermediates.noindex/EagerLinkingTBDs/Debug-iphoneos -F/Users/yansongtu/Library/Developer/Xcode/DerivedData/Matters-fqphlibuksefxrdtzqlxtamjnths/Build/Products/Debug-iphoneos -filelist /Users/yansongtu/Library/Developer/Xcode/DerivedData/Matters-fqphlibuksefxrdtzqlxtamjnths/Build/Intermediates.noindex/Matters.build/Debug-iphoneos/Matters.build/Objects-normal/arm64/Matters.LinkFileList -install_name @rpath/Matters.debug.dylib -Xlinker -rpath -Xlinker /usr/lib/swift -Xlinker -rpath -Xlinker @executable_path/Frameworks -dead_strip -Xlinker -object_path_lto -Xlinker /Users/yansongtu/Library/Developer/Xcode/DerivedData/Matters-fqphlibuksefxrdtzqlxtamjnths/Build/Intermediates.noindex/Matters.build/Debug-iphoneos/Matters.build/Objects-normal/arm64/Matters_lto.o -rdynamic -Xlinker -no_deduplicate -Xlinker -dependency_info -Xlinker /Users/yansongtu/Library/Developer/Xcode/DerivedData/Matters-fqphlibuksefxrdtzqlxtamjnths/Build/Intermediates.noindex/Matters.build/Debug-iphoneos/Matters.build/Objects-normal/arm64/Matters_dependency_info.dat -fobjc-link-runtime -L/Applications/Xcode.app/Contents/Developer/Toolchains/XcodeDefault.xctoolchain/usr/lib/swift/iphoneos -L/usr/lib/swift -Xlinker -add_ast_path -Xlinker /Users/yansongtu/Library/Developer/Xcode/DerivedData/Matters-fqphlibuksefxrdtzqlxtamjnths/Build/Intermediates.noindex/Matters.build/Debug-iphoneos/Matters.build/Objects-normal/arm64/Matters.swiftmodule @/Users/yansongtu/Library/Developer/Xcode/DerivedData/Matters-fqphlibuksefxrdtzqlxtamjnths/Build/Intermediates.noindex/Matters.build/Debug-iphoneos/Matters.build/Objects-normal/arm64/Matters-linker-args.resp -ObjC -Xlinker -alias -Xlinker _main -Xlinker ___debug_main_executable_dylib_entry_point -framework CoreTelephony -framework AliyunOSSiOS -framework SystemConfiguration -lresolv -Xlinker -no_adhoc_codesign -o /Users/yansongtu/Library/Developer/Xcode/DerivedData/Matters-fqphlibuksefxrdtzqlxtamjnths/Build/Products/Debug-iphoneos/Matters.app/Matters.debug.dylib

ConstructStubExecutorLinkFileList /Users/yansongtu/Library/Developer/Xcode/DerivedData/Matters-fqphlibuksefxrdtzqlxtamjnths/Build/Intermediates.noindex/Matters.build/Debug-iphoneos/Matters.build/Matters-ExecutorLinkFileList-normal-arm64.txt (in target 'Matters' from project 'Matters')
    cd /Users/yansongtu/Documents/Matters
    construct-stub-executor-link-file-list /Users/yansongtu/Library/Developer/Xcode/DerivedData/Matters-fqphlibuksefxrdtzqlxtamjnths/Build/Products/Debug-iphoneos/Matters.app/Matters.debug.dylib /Applications/Xcode.app/Contents/Developer/Platforms/iPhoneOS.platform/Developer/usr/lib/libPreviewsJITStubExecutor_no_swift_entry_point.a /Applications/Xcode.app/Contents/Developer/Platforms/iPhoneOS.platform/Developer/usr/lib/libPreviewsJITStubExecutor.a --output /Users/yansongtu/Library/Developer/Xcode/DerivedData/Matters-fqphlibuksefxrdtzqlxtamjnths/Build/Intermediates.noindex/Matters.build/Debug-iphoneos/Matters.build/Matters-ExecutorLinkFileList-normal-arm64.txt
note: Using stub executor library with Swift entry point. (in target 'Matters' from project 'Matters')

Ld /Users/yansongtu/Library/Developer/Xcode/DerivedData/Matters-fqphlibuksefxrdtzqlxtamjnths/Build/Products/Debug-iphoneos/Matters.app/Matters normal (in target 'Matters' from project 'Matters')
    cd /Users/yansongtu/Documents/Matters
    /Applications/Xcode.app/Contents/Developer/Toolchains/XcodeDefault.xctoolchain/usr/bin/clang -Xlinker -reproducible -target arm64-apple-ios18.0 -isysroot /Applications/Xcode.app/Contents/Developer/Platforms/iPhoneOS.platform/Developer/SDKs/iPhoneOS26.1.sdk -O0 -L/Users/yansongtu/Library/Developer/Xcode/DerivedData/Matters-fqphlibuksefxrdtzqlxtamjnths/Build/Products/Debug-iphoneos -F/Users/yansongtu/Library/Developer/Xcode/DerivedData/Matters-fqphlibuksefxrdtzqlxtamjnths/Build/Products/Debug-iphoneos -Xlinker -rpath -Xlinker @executable_path -Xlinker -rpath -Xlinker @executable_path/Frameworks -rdynamic -Xlinker -no_deduplicate -e ___debug_blank_executor_main -Xlinker -sectcreate -Xlinker __TEXT -Xlinker __debug_dylib -Xlinker /Users/yansongtu/Library/Developer/Xcode/DerivedData/Matters-fqphlibuksefxrdtzqlxtamjnths/Build/Intermediates.noindex/Matters.build/Debug-iphoneos/Matters.build/Matters-DebugDylibPath-normal-arm64.txt -Xlinker -sectcreate -Xlinker __TEXT -Xlinker __debug_instlnm -Xlinker /Users/yansongtu/Library/Developer/Xcode/DerivedData/Matters-fqphlibuksefxrdtzqlxtamjnths/Build/Intermediates.noindex/Matters.build/Debug-iphoneos/Matters.build/Matters-DebugDylibInstallName-normal-arm64.txt -Xlinker -filelist -Xlinker /Users/yansongtu/Library/Developer/Xcode/DerivedData/Matters-fqphlibuksefxrdtzqlxtamjnths/Build/Intermediates.noindex/Matters.build/Debug-iphoneos/Matters.build/Matters-ExecutorLinkFileList-normal-arm64.txt /Users/yansongtu/Library/Developer/Xcode/DerivedData/Matters-fqphlibuksefxrdtzqlxtamjnths/Build/Products/Debug-iphoneos/Matters.app/Matters.debug.dylib -Xlinker -no_adhoc_codesign -o /Users/yansongtu/Library/Developer/Xcode/DerivedData/Matters-fqphlibuksefxrdtzqlxtamjnths/Build/Products/Debug-iphoneos/Matters.app/Matters

Copy /Users/yansongtu/Library/Developer/Xcode/DerivedData/Matters-fqphlibuksefxrdtzqlxtamjnths/Build/Products/Debug-iphoneos/Matters.app/PlugIns/MattersWidgetExtension.appex /Users/yansongtu/Library/Developer/Xcode/DerivedData/Matters-fqphlibuksefxrdtzqlxtamjnths/Build/Products/Debug-iphoneos/MattersWidgetExtension.appex (in target 'Matters' from project 'Matters')
    cd /Users/yansongtu/Documents/Matters
    builtin-copy -exclude .DS_Store -exclude CVS -exclude .svn -exclude .git -exclude .hg -exclude Headers -exclude PrivateHeaders -exclude Modules -exclude \*.tbd -resolve-src-symlinks -remove-static-executable /Users/yansongtu/Library/Developer/Xcode/DerivedData/Matters-fqphlibuksefxrdtzqlxtamjnths/Build/Products/Debug-iphoneos/MattersWidgetExtension.appex /Users/yansongtu/Library/Developer/Xcode/DerivedData/Matters-fqphlibuksefxrdtzqlxtamjnths/Build/Products/Debug-iphoneos/Matters.app/PlugIns

CopySwiftLibs /Users/yansongtu/Library/Developer/Xcode/DerivedData/Matters-fqphlibuksefxrdtzqlxtamjnths/Build/Products/Debug-iphoneos/Matters.app (in target 'Matters' from project 'Matters')
    cd /Users/yansongtu/Documents/Matters
    builtin-swiftStdLibTool --copy --verbose --sign F99735A669819B9F747A8F62093B08A6286332B6 --scan-executable /Users/yansongtu/Library/Developer/Xcode/DerivedData/Matters-fqphlibuksefxrdtzqlxtamjnths/Build/Products/Debug-iphoneos/Matters.app/Matters.debug.dylib --scan-folder /Users/yansongtu/Library/Developer/Xcode/DerivedData/Matters-fqphlibuksefxrdtzqlxtamjnths/Build/Products/Debug-iphoneos/Matters.app/Frameworks --scan-folder /Users/yansongtu/Library/Developer/Xcode/DerivedData/Matters-fqphlibuksefxrdtzqlxtamjnths/Build/Products/Debug-iphoneos/Matters.app/PlugIns --scan-folder /Users/yansongtu/Library/Developer/Xcode/DerivedData/Matters-fqphlibuksefxrdtzqlxtamjnths/Build/Products/Debug-iphoneos/Matters.app/SystemExtensions --scan-folder /Users/yansongtu/Library/Developer/Xcode/DerivedData/Matters-fqphlibuksefxrdtzqlxtamjnths/Build/Products/Debug-iphoneos/Matters.app/Extensions --scan-folder /Applications/Xcode.app/Contents/Developer/Platforms/iPhoneOS.platform/Developer/SDKs/iPhoneOS26.1.sdk/System/Library/Frameworks/CoreTelephony.framework --scan-folder /Applications/Xcode.app/Contents/Developer/Platforms/iPhoneOS.platform/Developer/SDKs/iPhoneOS26.1.sdk/System/Library/Frameworks/SystemConfiguration.framework --platform iphoneos --toolchain /Applications/Xcode.app/Contents/Developer/Toolchains/XcodeDefault.xctoolchain --destination /Users/yansongtu/Library/Developer/Xcode/DerivedData/Matters-fqphlibuksefxrdtzqlxtamjnths/Build/Products/Debug-iphoneos/Matters.app/Frameworks --strip-bitcode --strip-bitcode-tool /Applications/Xcode.app/Contents/Developer/Toolchains/XcodeDefault.xctoolchain/usr/bin/bitcode_strip --emit-dependency-info /Users/yansongtu/Library/Developer/Xcode/DerivedData/Matters-fqphlibuksefxrdtzqlxtamjnths/Build/Intermediates.noindex/Matters.build/Debug-iphoneos/Matters.build/SwiftStdLibToolInputDependencies.dep --filter-for-swift-os --back-deploy-swift-span

ProcessInfoPlistFile /Users/yansongtu/Library/Developer/Xcode/DerivedData/Matters-fqphlibuksefxrdtzqlxtamjnths/Build/Products/Debug-iphoneos/Matters.app/Info.plist /Users/yansongtu/Documents/Matters/Matters/Info.plist (in target 'Matters' from project 'Matters')
    cd /Users/yansongtu/Documents/Matters
    builtin-infoPlistUtility /Users/yansongtu/Documents/Matters/Matters/Info.plist -producttype com.apple.product-type.application -genpkginfo /Users/yansongtu/Library/Developer/Xcode/DerivedData/Matters-fqphlibuksefxrdtzqlxtamjnths/Build/Products/Debug-iphoneos/Matters.app/PkgInfo -expandbuildsettings -format binary -platform iphoneos -additionalcontentfile /Users/yansongtu/Library/Developer/Xcode/DerivedData/Matters-fqphlibuksefxrdtzqlxtamjnths/Build/Intermediates.noindex/Matters.build/Debug-iphoneos/Matters.build/assetcatalog_generated_info.plist -scanforprivacyfile /Users/yansongtu/Library/Developer/Xcode/DerivedData/Matters-fqphlibuksefxrdtzqlxtamjnths/Build/Products/Debug-iphoneos/Matters.app/Frameworks/AliyunOSSiOS.framework -scanforprivacyfile /Users/yansongtu/Library/Developer/Xcode/DerivedData/Matters-fqphlibuksefxrdtzqlxtamjnths/Build/Products/Debug-iphoneos/Matters.app/PlugIns/MattersWidgetExtension.appex -requiredArchitecture arm64 -o /Users/yansongtu/Library/Developer/Xcode/DerivedData/Matters-fqphlibuksefxrdtzqlxtamjnths/Build/Products/Debug-iphoneos/Matters.app/Info.plist

ExtractAppIntentsMetadata (in target 'Matters' from project 'Matters')
    cd /Users/yansongtu/Documents/Matters
    /Applications/Xcode.app/Contents/Developer/Toolchains/XcodeDefault.xctoolchain/usr/bin/appintentsmetadataprocessor --toolchain-dir /Applications/Xcode.app/Contents/Developer/Toolchains/XcodeDefault.xctoolchain --module-name Matters --sdk-root /Applications/Xcode.app/Contents/Developer/Platforms/iPhoneOS.platform/Developer/SDKs/iPhoneOS26.1.sdk --xcode-version 17B100 --platform-family iOS --deployment-target 18.0 --bundle-identifier dantetu.Matters --output /Users/yansongtu/Library/Developer/Xcode/DerivedData/Matters-fqphlibuksefxrdtzqlxtamjnths/Build/Products/Debug-iphoneos/Matters.app --target-triple arm64-apple-ios18.0 --binary-file /Users/yansongtu/Library/Developer/Xcode/DerivedData/Matters-fqphlibuksefxrdtzqlxtamjnths/Build/Products/Debug-iphoneos/Matters.app/Matters --dependency-file /Users/yansongtu/Library/Developer/Xcode/DerivedData/Matters-fqphlibuksefxrdtzqlxtamjnths/Build/Intermediates.noindex/Matters.build/Debug-iphoneos/Matters.build/Objects-normal/arm64/Matters_dependency_info.dat --stringsdata-file /Users/yansongtu/Library/Developer/Xcode/DerivedData/Matters-fqphlibuksefxrdtzqlxtamjnths/Build/Intermediates.noindex/Matters.build/Debug-iphoneos/Matters.build/Objects-normal/arm64/ExtractedAppShortcutsMetadata.stringsdata --source-file-list /Users/yansongtu/Library/Developer/Xcode/DerivedData/Matters-fqphlibuksefxrdtzqlxtamjnths/Build/Intermediates.noindex/Matters.build/Debug-iphoneos/Matters.build/Objects-normal/arm64/Matters.SwiftFileList --metadata-file-list /Users/yansongtu/Library/Developer/Xcode/DerivedData/Matters-fqphlibuksefxrdtzqlxtamjnths/Build/Intermediates.noindex/Matters.build/Debug-iphoneos/Matters.build/Matters.DependencyMetadataFileList --static-metadata-file-list /Users/yansongtu/Library/Developer/Xcode/DerivedData/Matters-fqphlibuksefxrdtzqlxtamjnths/Build/Intermediates.noindex/Matters.build/Debug-iphoneos/Matters.build/Matters.DependencyStaticMetadataFileList --swift-const-vals-list /Users/yansongtu/Library/Developer/Xcode/DerivedData/Matters-fqphlibuksefxrdtzqlxtamjnths/Build/Intermediates.noindex/Matters.build/Debug-iphoneos/Matters.build/Objects-normal/arm64/Matters.SwiftConstValuesFileList --compile-time-extraction --deployment-aware-processing --validate-assistant-intents --no-app-shortcuts-localization
2025-11-24 15:42:58.525 appintentsmetadataprocessor[12514:278002] Starting appintentsmetadataprocessor export
2025-11-24 15:42:58.620 appintentsmetadataprocessor[12514:278002] Writing Metadata.appintents
2025-11-24 15:42:58.620 appintentsmetadataprocessor[12514:278002] Metadata root: /Users/yansongtu/Library/Developer/Xcode/DerivedData/Matters-fqphlibuksefxrdtzqlxtamjnths/Build/Products/Debug-iphoneos/Matters.app/Metadata.appintents

CodeSign /Users/yansongtu/Library/Developer/Xcode/DerivedData/Matters-fqphlibuksefxrdtzqlxtamjnths/Build/Products/Debug-iphoneos/Matters.app/Matters.debug.dylib (in target 'Matters' from project 'Matters')
    cd /Users/yansongtu/Documents/Matters
    
    Signing Identity:     "Apple Development: Yansong Tu (MTC9WT8Z64)"
    Provisioning Profile: "iOS Team Provisioning Profile: dantetu.Matters"
                          (b7bfcaf2-fd06-4d44-bd13-4feccc5e0aee)
    
    /usr/bin/codesign --force --sign F99735A669819B9F747A8F62093B08A6286332B6 --timestamp\=none --generate-entitlement-der /Users/yansongtu/Library/Developer/Xcode/DerivedData/Matters-fqphlibuksefxrdtzqlxtamjnths/Build/Products/Debug-iphoneos/Matters.app/Matters.debug.dylib

CodeSign /Users/yansongtu/Library/Developer/Xcode/DerivedData/Matters-fqphlibuksefxrdtzqlxtamjnths/Build/Products/Debug-iphoneos/Matters.app/__preview.dylib (in target 'Matters' from project 'Matters')
    cd /Users/yansongtu/Documents/Matters
    
    Signing Identity:     "Apple Development: Yansong Tu (MTC9WT8Z64)"
    Provisioning Profile: "iOS Team Provisioning Profile: dantetu.Matters"
                          (b7bfcaf2-fd06-4d44-bd13-4feccc5e0aee)
    
    /usr/bin/codesign --force --sign F99735A669819B9F747A8F62093B08A6286332B6 --timestamp\=none --generate-entitlement-der /Users/yansongtu/Library/Developer/Xcode/DerivedData/Matters-fqphlibuksefxrdtzqlxtamjnths/Build/Products/Debug-iphoneos/Matters.app/__preview.dylib
/Users/yansongtu/Library/Developer/Xcode/DerivedData/Matters-fqphlibuksefxrdtzqlxtamjnths/Build/Products/Debug-iphoneos/Matters.app/__preview.dylib: replacing existing signature

CodeSign /Users/yansongtu/Library/Developer/Xcode/DerivedData/Matters-fqphlibuksefxrdtzqlxtamjnths/Build/Products/Debug-iphoneos/Matters.app (in target 'Matters' from project 'Matters')
    cd /Users/yansongtu/Documents/Matters
    
    Signing Identity:     "Apple Development: Yansong Tu (MTC9WT8Z64)"
    Provisioning Profile: "iOS Team Provisioning Profile: dantetu.Matters"
                          (b7bfcaf2-fd06-4d44-bd13-4feccc5e0aee)
    
    /usr/bin/codesign --force --sign F99735A669819B9F747A8F62093B08A6286332B6 --entitlements /Users/yansongtu/Library/Developer/Xcode/DerivedData/Matters-fqphlibuksefxrdtzqlxtamjnths/Build/Intermediates.noindex/Matters.build/Debug-iphoneos/Matters.build/Matters.app.xcent --timestamp\=none --generate-entitlement-der /Users/yansongtu/Library/Developer/Xcode/DerivedData/Matters-fqphlibuksefxrdtzqlxtamjnths/Build/Products/Debug-iphoneos/Matters.app

ValidateEmbeddedBinary /Users/yansongtu/Library/Developer/Xcode/DerivedData/Matters-fqphlibuksefxrdtzqlxtamjnths/Build/Products/Debug-iphoneos/Matters.app/PlugIns/MattersWidgetExtension.appex (in target 'Matters' from project 'Matters')
    cd /Users/yansongtu/Documents/Matters
    /Applications/Xcode.app/Contents/Developer/usr/bin/embeddedBinaryValidationUtility /Users/yansongtu/Library/Developer/Xcode/DerivedData/Matters-fqphlibuksefxrdtzqlxtamjnths/Build/Products/Debug-iphoneos/Matters.app/PlugIns/MattersWidgetExtension.appex -signing-cert F99735A669819B9F747A8F62093B08A6286332B6 -info-plist-path /Users/yansongtu/Library/Developer/Xcode/DerivedData/Matters-fqphlibuksefxrdtzqlxtamjnths/Build/Products/Debug-iphoneos/Matters.app/Info.plist

Validate /Users/yansongtu/Library/Developer/Xcode/DerivedData/Matters-fqphlibuksefxrdtzqlxtamjnths/Build/Products/Debug-iphoneos/Matters.app (in target 'Matters' from project 'Matters')
    cd /Users/yansongtu/Documents/Matters
    builtin-validationUtility /Users/yansongtu/Library/Developer/Xcode/DerivedData/Matters-fqphlibuksefxrdtzqlxtamjnths/Build/Products/Debug-iphoneos/Matters.app -shallow-bundle -infoplist-subpath Info.plist

** BUILD SUCCEEDED **

